CRITICAL - 2022-05-29 00:06:35 --> Undefined property: App\Controllers\Home::$output
#0 /Users/ahmed/Sites/ci.lo/app/Controllers/BaseController.php(51): CodeIgniter\Debug\Exceptions->errorHandler(8, 'Undefined prope...', '/Users/ahmed/Si...', 51, Array)
#1 /Users/ahmed/Sites/ci.lo/system/CodeIgniter.php(810): App\Controllers\BaseController->initController(Object(CodeIgniter\HTTP\IncomingRequest), Object(CodeIgniter\HTTP\Response), Object(CodeIgniter\Log\Logger))
#2 /Users/ahmed/Sites/ci.lo/system/CodeIgniter.php(410): CodeIgniter\CodeIgniter->createController()
#3 /Users/ahmed/Sites/ci.lo/system/CodeIgniter.php(326): CodeIgniter\CodeIgniter->handleRequest(NULL, Object(Config\Cache), false)
#4 /Users/ahmed/Sites/ci.lo/public/index.php(37): CodeIgniter\CodeIgniter->run()
#5 {main}
CRITICAL - 2022-05-29 00:17:46 --> foo filter must have a matching alias defined.
#0 /Users/ahmed/Sites/ci.lo/system/Filters/Filters.php(493): CodeIgniter\Filters\Exceptions\FilterException::forNoAlias('foo')
#1 /Users/ahmed/Sites/ci.lo/system/Filters/Filters.php(244): CodeIgniter\Filters\Filters->processAliasesToClass('after')
#2 /Users/ahmed/Sites/ci.lo/system/Filters/Filters.php(163): CodeIgniter\Filters\Filters->initialize('/')
#3 /Users/ahmed/Sites/ci.lo/system/CodeIgniter.php(393): CodeIgniter\Filters\Filters->run('/', 'before')
#4 /Users/ahmed/Sites/ci.lo/system/CodeIgniter.php(326): CodeIgniter\CodeIgniter->handleRequest(NULL, Object(Config\Cache), false)
#5 /Users/ahmed/Sites/ci.lo/public/index.php(37): CodeIgniter\CodeIgniter->run()
#6 {main}
CRITICAL - 2022-05-29 00:17:52 --> foo filter must have a matching alias defined.
#0 /Users/ahmed/Sites/ci.lo/system/Filters/Filters.php(493): CodeIgniter\Filters\Exceptions\FilterException::forNoAlias('foo')
#1 /Users/ahmed/Sites/ci.lo/system/Filters/Filters.php(244): CodeIgniter\Filters\Filters->processAliasesToClass('after')
#2 /Users/ahmed/Sites/ci.lo/system/Filters/Filters.php(163): CodeIgniter\Filters\Filters->initialize('/')
#3 /Users/ahmed/Sites/ci.lo/system/CodeIgniter.php(393): CodeIgniter\Filters\Filters->run('/', 'before')
#4 /Users/ahmed/Sites/ci.lo/system/CodeIgniter.php(326): CodeIgniter\CodeIgniter->handleRequest(NULL, Object(Config\Cache), false)
#5 /Users/ahmed/Sites/ci.lo/public/index.php(37): CodeIgniter\CodeIgniter->run()
#6 {main}
CRITICAL - 2022-05-29 00:17:55 --> foo filter must have a matching alias defined.
#0 /Users/ahmed/Sites/ci.lo/system/Filters/Filters.php(493): CodeIgniter\Filters\Exceptions\FilterException::forNoAlias('foo')
#1 /Users/ahmed/Sites/ci.lo/system/Filters/Filters.php(244): CodeIgniter\Filters\Filters->processAliasesToClass('after')
#2 /Users/ahmed/Sites/ci.lo/system/Filters/Filters.php(163): CodeIgniter\Filters\Filters->initialize('api/v1')
#3 /Users/ahmed/Sites/ci.lo/system/CodeIgniter.php(393): CodeIgniter\Filters\Filters->run('api/v1', 'before')
#4 /Users/ahmed/Sites/ci.lo/system/CodeIgniter.php(326): CodeIgniter\CodeIgniter->handleRequest(NULL, Object(Config\Cache), false)
#5 /Users/ahmed/Sites/ci.lo/public/index.php(37): CodeIgniter\CodeIgniter->run()
#6 {main}
CRITICAL - 2022-05-29 00:32:33 --> trim() expects parameter 1 to be string, array given
#0 [internal function]: CodeIgniter\Debug\Exceptions->errorHandler(2, 'trim() expects ...', '/Users/ahmed/Si...', 532, Array)
#1 /Users/ahmed/Sites/ci.lo/system/Filters/Filters.php(532): trim(Array, '/ ')
#2 /Users/ahmed/Sites/ci.lo/system/Filters/Filters.php(466): CodeIgniter\Filters\Filters->pathApplies('api/v1/auth/sig...', Array)
#3 /Users/ahmed/Sites/ci.lo/system/Filters/Filters.php(232): CodeIgniter\Filters\Filters->processFilters('api/v1/auth/sig...')
#4 /Users/ahmed/Sites/ci.lo/system/Filters/Filters.php(163): CodeIgniter\Filters\Filters->initialize('api/v1/auth/sig...')
#5 /Users/ahmed/Sites/ci.lo/system/CodeIgniter.php(393): CodeIgniter\Filters\Filters->run('api/v1/auth/sig...', 'before')
#6 /Users/ahmed/Sites/ci.lo/system/CodeIgniter.php(326): CodeIgniter\CodeIgniter->handleRequest(NULL, Object(Config\Cache), false)
#7 /Users/ahmed/Sites/ci.lo/public/index.php(37): CodeIgniter\CodeIgniter->run()
#8 {main}
CRITICAL - 2022-05-29 00:33:09 --> trim() expects parameter 1 to be string, array given
#0 [internal function]: CodeIgniter\Debug\Exceptions->errorHandler(2, 'trim() expects ...', '/Users/ahmed/Si...', 532, Array)
#1 /Users/ahmed/Sites/ci.lo/system/Filters/Filters.php(532): trim(Array, '/ ')
#2 /Users/ahmed/Sites/ci.lo/system/Filters/Filters.php(466): CodeIgniter\Filters\Filters->pathApplies('api/v1/auth/sig...', Array)
#3 /Users/ahmed/Sites/ci.lo/system/Filters/Filters.php(232): CodeIgniter\Filters\Filters->processFilters('api/v1/auth/sig...')
#4 /Users/ahmed/Sites/ci.lo/system/Filters/Filters.php(163): CodeIgniter\Filters\Filters->initialize('api/v1/auth/sig...')
#5 /Users/ahmed/Sites/ci.lo/system/CodeIgniter.php(393): CodeIgniter\Filters\Filters->run('api/v1/auth/sig...', 'before')
#6 /Users/ahmed/Sites/ci.lo/system/CodeIgniter.php(326): CodeIgniter\CodeIgniter->handleRequest(NULL, Object(Config\Cache), false)
#7 /Users/ahmed/Sites/ci.lo/public/index.php(37): CodeIgniter\CodeIgniter->run()
#8 {main}
CRITICAL - 2022-05-29 00:33:46 --> before filter must have a matching alias defined.
#0 /Users/ahmed/Sites/ci.lo/system/Filters/Filters.php(493): CodeIgniter\Filters\Exceptions\FilterException::forNoAlias('before')
#1 /Users/ahmed/Sites/ci.lo/system/Filters/Filters.php(243): CodeIgniter\Filters\Filters->processAliasesToClass('before')
#2 /Users/ahmed/Sites/ci.lo/system/Filters/Filters.php(163): CodeIgniter\Filters\Filters->initialize('api/v1')
#3 /Users/ahmed/Sites/ci.lo/system/CodeIgniter.php(393): CodeIgniter\Filters\Filters->run('api/v1', 'before')
#4 /Users/ahmed/Sites/ci.lo/system/CodeIgniter.php(326): CodeIgniter\CodeIgniter->handleRequest(NULL, Object(Config\Cache), false)
#5 /Users/ahmed/Sites/ci.lo/public/index.php(37): CodeIgniter\CodeIgniter->run()
#6 {main}
CRITICAL - 2022-05-29 00:33:46 --> before filter must have a matching alias defined.
#0 /Users/ahmed/Sites/ci.lo/system/Filters/Filters.php(493): CodeIgniter\Filters\Exceptions\FilterException::forNoAlias('before')
#1 /Users/ahmed/Sites/ci.lo/system/Filters/Filters.php(243): CodeIgniter\Filters\Filters->processAliasesToClass('before')
#2 /Users/ahmed/Sites/ci.lo/system/Filters/Filters.php(163): CodeIgniter\Filters\Filters->initialize('api/v1')
#3 /Users/ahmed/Sites/ci.lo/system/CodeIgniter.php(393): CodeIgniter\Filters\Filters->run('api/v1', 'before')
#4 /Users/ahmed/Sites/ci.lo/system/CodeIgniter.php(326): CodeIgniter\CodeIgniter->handleRequest(NULL, Object(Config\Cache), false)
#5 /Users/ahmed/Sites/ci.lo/public/index.php(37): CodeIgniter\CodeIgniter->run()
#6 {main}
CRITICAL - 2022-05-29 00:33:47 --> before filter must have a matching alias defined.
#0 /Users/ahmed/Sites/ci.lo/system/Filters/Filters.php(493): CodeIgniter\Filters\Exceptions\FilterException::forNoAlias('before')
#1 /Users/ahmed/Sites/ci.lo/system/Filters/Filters.php(243): CodeIgniter\Filters\Filters->processAliasesToClass('before')
#2 /Users/ahmed/Sites/ci.lo/system/Filters/Filters.php(163): CodeIgniter\Filters\Filters->initialize('api/v1/login')
#3 /Users/ahmed/Sites/ci.lo/system/CodeIgniter.php(393): CodeIgniter\Filters\Filters->run('api/v1/login', 'before')
#4 /Users/ahmed/Sites/ci.lo/system/CodeIgniter.php(326): CodeIgniter\CodeIgniter->handleRequest(NULL, Object(Config\Cache), false)
#5 /Users/ahmed/Sites/ci.lo/public/index.php(37): CodeIgniter\CodeIgniter->run()
#6 {main}
CRITICAL - 2022-05-29 00:33:47 --> before filter must have a matching alias defined.
#0 /Users/ahmed/Sites/ci.lo/system/Filters/Filters.php(493): CodeIgniter\Filters\Exceptions\FilterException::forNoAlias('before')
#1 /Users/ahmed/Sites/ci.lo/system/Filters/Filters.php(243): CodeIgniter\Filters\Filters->processAliasesToClass('before')
#2 /Users/ahmed/Sites/ci.lo/system/Filters/Filters.php(163): CodeIgniter\Filters\Filters->initialize('/')
#3 /Users/ahmed/Sites/ci.lo/system/CodeIgniter.php(393): CodeIgniter\Filters\Filters->run('/', 'before')
#4 /Users/ahmed/Sites/ci.lo/system/CodeIgniter.php(326): CodeIgniter\CodeIgniter->handleRequest(NULL, Object(Config\Cache), false)
#5 /Users/ahmed/Sites/ci.lo/public/index.php(37): CodeIgniter\CodeIgniter->run()
#6 {main}
CRITICAL - 2022-05-29 00:34:20 --> before filter must have a matching alias defined.
#0 /Users/ahmed/Sites/ci.lo/system/Filters/Filters.php(493): CodeIgniter\Filters\Exceptions\FilterException::forNoAlias('before')
#1 /Users/ahmed/Sites/ci.lo/system/Filters/Filters.php(243): CodeIgniter\Filters\Filters->processAliasesToClass('before')
#2 /Users/ahmed/Sites/ci.lo/system/Filters/Filters.php(163): CodeIgniter\Filters\Filters->initialize('/')
#3 /Users/ahmed/Sites/ci.lo/system/CodeIgniter.php(393): CodeIgniter\Filters\Filters->run('/', 'before')
#4 /Users/ahmed/Sites/ci.lo/system/CodeIgniter.php(326): CodeIgniter\CodeIgniter->handleRequest(NULL, Object(Config\Cache), false)
#5 /Users/ahmed/Sites/ci.lo/public/index.php(37): CodeIgniter\CodeIgniter->run()
#6 {main}
ERROR - 2022-05-29 00:54:38 --> Error connecting to the database: Access denied for user ''@'localhost' (using password: YES)
CRITICAL - 2022-05-29 00:54:38 --> Unable to connect to the database.
Main connection [MySQLi]: Access denied for user ''@'localhost' (using password: YES)
#0 /Users/ahmed/Sites/ci.lo/system/Database/BaseConnection.php(577): CodeIgniter\Database\BaseConnection->initialize()
#1 /Users/ahmed/Sites/ci.lo/system/Database/BaseBuilder.php(1771): CodeIgniter\Database\BaseConnection->query('INSERT INTO `us...', Array, false)
#2 /Users/ahmed/Sites/ci.lo/system/Model.php(239): CodeIgniter\Database\BaseBuilder->insert()
#3 /Users/ahmed/Sites/ci.lo/system/BaseModel.php(738): CodeIgniter\Model->doInsert(Array)
#4 /Users/ahmed/Sites/ci.lo/system/Model.php(625): CodeIgniter\BaseModel->insert(Array, true)
#5 /Users/ahmed/Sites/ci.lo/app/Controllers/Api/V1/Auth/Signin.php(25): CodeIgniter\Model->insert(Array)
#6 /Users/ahmed/Sites/ci.lo/system/CodeIgniter.php(832): App\Controllers\Api\V1\Auth\Signin->index()
#7 /Users/ahmed/Sites/ci.lo/system/CodeIgniter.php(419): CodeIgniter\CodeIgniter->runController(Object(App\Controllers\Api\V1\Auth\Signin))
#8 /Users/ahmed/Sites/ci.lo/system/CodeIgniter.php(326): CodeIgniter\CodeIgniter->handleRequest(NULL, Object(Config\Cache), false)
#9 /Users/ahmed/Sites/ci.lo/public/index.php(37): CodeIgniter\CodeIgniter->run()
#10 {main}
ERROR - 2022-05-29 00:55:14 --> Error connecting to the database: Access denied for user ''@'localhost' (using password: YES)
CRITICAL - 2022-05-29 00:55:14 --> Unable to connect to the database.
Main connection [MySQLi]: Access denied for user ''@'localhost' (using password: YES)
#0 /Users/ahmed/Sites/ci.lo/system/Database/BaseConnection.php(577): CodeIgniter\Database\BaseConnection->initialize()
#1 /Users/ahmed/Sites/ci.lo/system/Database/BaseBuilder.php(1771): CodeIgniter\Database\BaseConnection->query('INSERT INTO `us...', Array, false)
#2 /Users/ahmed/Sites/ci.lo/system/Model.php(239): CodeIgniter\Database\BaseBuilder->insert()
#3 /Users/ahmed/Sites/ci.lo/system/BaseModel.php(738): CodeIgniter\Model->doInsert(Array)
#4 /Users/ahmed/Sites/ci.lo/system/Model.php(625): CodeIgniter\BaseModel->insert(Array, true)
#5 /Users/ahmed/Sites/ci.lo/app/Controllers/Api/V1/Auth/Signin.php(25): CodeIgniter\Model->insert(Array)
#6 /Users/ahmed/Sites/ci.lo/system/CodeIgniter.php(832): App\Controllers\Api\V1\Auth\Signin->index()
#7 /Users/ahmed/Sites/ci.lo/system/CodeIgniter.php(419): CodeIgniter\CodeIgniter->runController(Object(App\Controllers\Api\V1\Auth\Signin))
#8 /Users/ahmed/Sites/ci.lo/system/CodeIgniter.php(326): CodeIgniter\CodeIgniter->handleRequest(NULL, Object(Config\Cache), false)
#9 /Users/ahmed/Sites/ci.lo/public/index.php(37): CodeIgniter\CodeIgniter->run()
#10 {main}
ERROR - 2022-05-29 00:56:46 --> Error connecting to the database: Access denied for user ''@'localhost' (using password: YES)
CRITICAL - 2022-05-29 00:56:46 --> Unable to connect to the database.
Main connection [MySQLi]: Access denied for user ''@'localhost' (using password: YES)
#0 /Users/ahmed/Sites/ci.lo/system/Database/BaseConnection.php(577): CodeIgniter\Database\BaseConnection->initialize()
#1 /Users/ahmed/Sites/ci.lo/system/Database/BaseBuilder.php(1771): CodeIgniter\Database\BaseConnection->query('INSERT INTO `us...', Array, false)
#2 /Users/ahmed/Sites/ci.lo/system/Model.php(239): CodeIgniter\Database\BaseBuilder->insert()
#3 /Users/ahmed/Sites/ci.lo/system/BaseModel.php(738): CodeIgniter\Model->doInsert(Array)
#4 /Users/ahmed/Sites/ci.lo/system/Model.php(625): CodeIgniter\BaseModel->insert(Array, true)
#5 /Users/ahmed/Sites/ci.lo/app/Controllers/Api/V1/Auth/Signin.php(25): CodeIgniter\Model->insert(Array)
#6 /Users/ahmed/Sites/ci.lo/system/CodeIgniter.php(832): App\Controllers\Api\V1\Auth\Signin->index()
#7 /Users/ahmed/Sites/ci.lo/system/CodeIgniter.php(419): CodeIgniter\CodeIgniter->runController(Object(App\Controllers\Api\V1\Auth\Signin))
#8 /Users/ahmed/Sites/ci.lo/system/CodeIgniter.php(326): CodeIgniter\CodeIgniter->handleRequest(NULL, Object(Config\Cache), false)
#9 /Users/ahmed/Sites/ci.lo/public/index.php(37): CodeIgniter\CodeIgniter->run()
#10 {main}
ERROR - 2022-05-29 00:56:57 --> Error connecting to the database: Access denied for user ''@'localhost' (using password: YES)
CRITICAL - 2022-05-29 00:56:57 --> Unable to connect to the database.
Main connection [MySQLi]: Access denied for user ''@'localhost' (using password: YES)
#0 /Users/ahmed/Sites/ci.lo/system/Database/BaseConnection.php(577): CodeIgniter\Database\BaseConnection->initialize()
#1 /Users/ahmed/Sites/ci.lo/system/Database/BaseBuilder.php(1771): CodeIgniter\Database\BaseConnection->query('INSERT INTO `us...', Array, false)
#2 /Users/ahmed/Sites/ci.lo/system/Model.php(239): CodeIgniter\Database\BaseBuilder->insert()
#3 /Users/ahmed/Sites/ci.lo/system/BaseModel.php(738): CodeIgniter\Model->doInsert(Array)
#4 /Users/ahmed/Sites/ci.lo/system/Model.php(625): CodeIgniter\BaseModel->insert(Array, true)
#5 /Users/ahmed/Sites/ci.lo/app/Controllers/Api/V1/Auth/Signin.php(25): CodeIgniter\Model->insert(Array)
#6 /Users/ahmed/Sites/ci.lo/system/CodeIgniter.php(832): App\Controllers\Api\V1\Auth\Signin->index()
#7 /Users/ahmed/Sites/ci.lo/system/CodeIgniter.php(419): CodeIgniter\CodeIgniter->runController(Object(App\Controllers\Api\V1\Auth\Signin))
#8 /Users/ahmed/Sites/ci.lo/system/CodeIgniter.php(326): CodeIgniter\CodeIgniter->handleRequest(NULL, Object(Config\Cache), false)
#9 /Users/ahmed/Sites/ci.lo/public/index.php(37): CodeIgniter\CodeIgniter->run()
#10 {main}
CRITICAL - 2022-05-29 00:56:57 --> Uncaught ErrorException: print_r(): Property access is not allowed yet in /Users/ahmed/Sites/ci.lo/app/Views/errors/html/error_exception.php:96
Stack trace:
#0 [internal function]: CodeIgniter\Debug\Exceptions->errorHandler(2, 'print_r(): Prop...', '/Users/ahmed/Si...', 96, Array)
#1 /Users/ahmed/Sites/ci.lo/app/Views/errors/html/error_exception.php(96): print_r(Object(App\Controllers\Api\V1\Auth\Signin), true)
#2 /Users/ahmed/Sites/ci.lo/system/Debug/Exceptions.php(234): include('/Users/ahmed/Si...')
#3 /Users/ahmed/Sites/ci.lo/system/Debug/Exceptions.php(237): CodeIgniter\Debug\Exceptions->CodeIgniter\Debug\{closure}()
#4 /Users/ahmed/Sites/ci.lo/system/Debug/Exceptions.php(121): CodeIgniter\Debug\Exceptions->render(Object(CodeIgniter\Database\Exceptions\DatabaseException), 500)
#5 [internal function]: CodeIgniter\Debug\Exceptions->exceptionHandler(Object(CodeIgniter\Database\Exceptions\DatabaseException))
#6 {main}
  thrown
#0 [internal function]: CodeIgniter\Debug\Exceptions->shutdownHandler()
#1 {main}
ERROR - 2022-05-29 00:57:51 --> Error connecting to the database: Access denied for user ''@'localhost' (using password: YES)
CRITICAL - 2022-05-29 00:57:51 --> Unable to connect to the database.
Main connection [MySQLi]: Access denied for user ''@'localhost' (using password: YES)
#0 /Users/ahmed/Sites/ci.lo/system/Database/BaseConnection.php(577): CodeIgniter\Database\BaseConnection->initialize()
#1 /Users/ahmed/Sites/ci.lo/system/Database/BaseBuilder.php(1771): CodeIgniter\Database\BaseConnection->query('INSERT INTO `us...', Array, false)
#2 /Users/ahmed/Sites/ci.lo/system/Model.php(239): CodeIgniter\Database\BaseBuilder->insert()
#3 /Users/ahmed/Sites/ci.lo/system/BaseModel.php(738): CodeIgniter\Model->doInsert(Array)
#4 /Users/ahmed/Sites/ci.lo/system/Model.php(625): CodeIgniter\BaseModel->insert(Array, true)
#5 /Users/ahmed/Sites/ci.lo/app/Controllers/Api/V1/Auth/Signin.php(25): CodeIgniter\Model->insert(Array)
#6 /Users/ahmed/Sites/ci.lo/system/CodeIgniter.php(832): App\Controllers\Api\V1\Auth\SignIn->index()
#7 /Users/ahmed/Sites/ci.lo/system/CodeIgniter.php(419): CodeIgniter\CodeIgniter->runController(Object(App\Controllers\Api\V1\Auth\SignIn))
#8 /Users/ahmed/Sites/ci.lo/system/CodeIgniter.php(326): CodeIgniter\CodeIgniter->handleRequest(NULL, Object(Config\Cache), false)
#9 /Users/ahmed/Sites/ci.lo/public/index.php(37): CodeIgniter\CodeIgniter->run()
#10 {main}
ERROR - 2022-05-29 00:58:39 --> Error connecting to the database: Access denied for user ''@'localhost' (using password: YES)
CRITICAL - 2022-05-29 00:58:39 --> Unable to connect to the database.
Main connection [MySQLi]: Access denied for user ''@'localhost' (using password: YES)
#0 /Users/ahmed/Sites/ci.lo/system/Database/BaseConnection.php(577): CodeIgniter\Database\BaseConnection->initialize()
#1 /Users/ahmed/Sites/ci.lo/system/Database/BaseBuilder.php(1771): CodeIgniter\Database\BaseConnection->query('INSERT INTO `us...', Array, false)
#2 /Users/ahmed/Sites/ci.lo/system/Model.php(239): CodeIgniter\Database\BaseBuilder->insert()
#3 /Users/ahmed/Sites/ci.lo/system/BaseModel.php(738): CodeIgniter\Model->doInsert(Array)
#4 /Users/ahmed/Sites/ci.lo/system/Model.php(625): CodeIgniter\BaseModel->insert(Array, true)
#5 /Users/ahmed/Sites/ci.lo/app/Controllers/Api/V1/Auth/Signin.php(25): CodeIgniter\Model->insert(Array)
#6 /Users/ahmed/Sites/ci.lo/system/CodeIgniter.php(832): App\Controllers\Api\V1\Auth\SignIn->index()
#7 /Users/ahmed/Sites/ci.lo/system/CodeIgniter.php(419): CodeIgniter\CodeIgniter->runController(Object(App\Controllers\Api\V1\Auth\SignIn))
#8 /Users/ahmed/Sites/ci.lo/system/CodeIgniter.php(326): CodeIgniter\CodeIgniter->handleRequest(NULL, Object(Config\Cache), false)
#9 /Users/ahmed/Sites/ci.lo/public/index.php(37): CodeIgniter\CodeIgniter->run()
#10 {main}
CRITICAL - 2022-05-29 01:01:45 --> Constant expression contains invalid operations
#0 [internal function]: CodeIgniter\Debug\Exceptions->shutdownHandler()
#1 {main}
ERROR - 2022-05-29 01:02:49 --> Table 'restaurant.users' doesn't exist
CRITICAL - 2022-05-29 01:02:49 --> Table 'restaurant.users' doesn't exist
#0 /Users/ahmed/Sites/ci.lo/system/Database/MySQLi/Connection.php(292): mysqli->query('INSERT INTO `us...', 0)
#1 /Users/ahmed/Sites/ci.lo/system/Database/BaseConnection.php(670): CodeIgniter\Database\MySQLi\Connection->execute('INSERT INTO `us...')
#2 /Users/ahmed/Sites/ci.lo/system/Database/BaseConnection.php(598): CodeIgniter\Database\BaseConnection->simpleQuery('INSERT INTO `us...')
#3 /Users/ahmed/Sites/ci.lo/system/Database/BaseBuilder.php(1771): CodeIgniter\Database\BaseConnection->query('INSERT INTO `us...', Array, false)
#4 /Users/ahmed/Sites/ci.lo/system/Model.php(239): CodeIgniter\Database\BaseBuilder->insert()
#5 /Users/ahmed/Sites/ci.lo/system/BaseModel.php(738): CodeIgniter\Model->doInsert(Array)
#6 /Users/ahmed/Sites/ci.lo/system/Model.php(625): CodeIgniter\BaseModel->insert(Array, true)
#7 /Users/ahmed/Sites/ci.lo/app/Controllers/Api/V1/Auth/Signin.php(25): CodeIgniter\Model->insert(Array)
#8 /Users/ahmed/Sites/ci.lo/system/CodeIgniter.php(832): App\Controllers\Api\V1\Auth\SignIn->index()
#9 /Users/ahmed/Sites/ci.lo/system/CodeIgniter.php(419): CodeIgniter\CodeIgniter->runController(Object(App\Controllers\Api\V1\Auth\SignIn))
#10 /Users/ahmed/Sites/ci.lo/system/CodeIgniter.php(326): CodeIgniter\CodeIgniter->handleRequest(NULL, Object(Config\Cache), false)
#11 /Users/ahmed/Sites/ci.lo/public/index.php(37): CodeIgniter\CodeIgniter->run()
#12 {main}
ERROR - 2022-05-29 01:03:53 --> Error connecting to the database: mysqli::real_connect() expects parameter 5 to be int, string given
CRITICAL - 2022-05-29 01:03:53 --> Unable to connect to the database.
Main connection [MySQLi]: mysqli::real_connect() expects parameter 5 to be int, string given
#0 /Users/ahmed/Sites/ci.lo/system/Database/BaseConnection.php(577): CodeIgniter\Database\BaseConnection->initialize()
#1 /Users/ahmed/Sites/ci.lo/system/Database/BaseBuilder.php(1771): CodeIgniter\Database\BaseConnection->query('INSERT INTO `us...', Array, false)
#2 /Users/ahmed/Sites/ci.lo/system/Model.php(239): CodeIgniter\Database\BaseBuilder->insert()
#3 /Users/ahmed/Sites/ci.lo/system/BaseModel.php(738): CodeIgniter\Model->doInsert(Array)
#4 /Users/ahmed/Sites/ci.lo/system/Model.php(625): CodeIgniter\BaseModel->insert(Array, true)
#5 /Users/ahmed/Sites/ci.lo/app/Controllers/Api/V1/Auth/Signin.php(25): CodeIgniter\Model->insert(Array)
#6 /Users/ahmed/Sites/ci.lo/system/CodeIgniter.php(832): App\Controllers\Api\V1\Auth\SignIn->index()
#7 /Users/ahmed/Sites/ci.lo/system/CodeIgniter.php(419): CodeIgniter\CodeIgniter->runController(Object(App\Controllers\Api\V1\Auth\SignIn))
#8 /Users/ahmed/Sites/ci.lo/system/CodeIgniter.php(326): CodeIgniter\CodeIgniter->handleRequest(NULL, Object(Config\Cache), false)
#9 /Users/ahmed/Sites/ci.lo/public/index.php(37): CodeIgniter\CodeIgniter->run()
#10 {main}
CRITICAL - 2022-05-29 01:03:53 --> Uncaught ErrorException: print_r(): Property access is not allowed yet in /Users/ahmed/Sites/ci.lo/app/Views/errors/html/error_exception.php:96
Stack trace:
#0 [internal function]: CodeIgniter\Debug\Exceptions->errorHandler(2, 'print_r(): Prop...', '/Users/ahmed/Si...', 96, Array)
#1 /Users/ahmed/Sites/ci.lo/app/Views/errors/html/error_exception.php(96): print_r(Object(App\Controllers\Api\V1\Auth\SignIn), true)
#2 /Users/ahmed/Sites/ci.lo/system/Debug/Exceptions.php(234): include('/Users/ahmed/Si...')
#3 /Users/ahmed/Sites/ci.lo/system/Debug/Exceptions.php(237): CodeIgniter\Debug\Exceptions->CodeIgniter\Debug\{closure}()
#4 /Users/ahmed/Sites/ci.lo/system/Debug/Exceptions.php(121): CodeIgniter\Debug\Exceptions->render(Object(CodeIgniter\Database\Exceptions\DatabaseException), 500)
#5 [internal function]: CodeIgniter\Debug\Exceptions->exceptionHandler(Object(CodeIgniter\Database\Exceptions\DatabaseException))
#6 {main}
  thrown
#0 [internal function]: CodeIgniter\Debug\Exceptions->shutdownHandler()
#1 {main}
ERROR - 2022-05-29 01:04:39 --> Error connecting to the database: Unknown database 'resturaunt'
CRITICAL - 2022-05-29 01:04:39 --> Unable to connect to the database.
Main connection [MySQLi]: Unknown database 'resturaunt'
#0 /Users/ahmed/Sites/ci.lo/system/Database/BaseConnection.php(577): CodeIgniter\Database\BaseConnection->initialize()
#1 /Users/ahmed/Sites/ci.lo/system/Database/BaseBuilder.php(1771): CodeIgniter\Database\BaseConnection->query('INSERT INTO `us...', Array, false)
#2 /Users/ahmed/Sites/ci.lo/system/Model.php(239): CodeIgniter\Database\BaseBuilder->insert()
#3 /Users/ahmed/Sites/ci.lo/system/BaseModel.php(738): CodeIgniter\Model->doInsert(Array)
#4 /Users/ahmed/Sites/ci.lo/system/Model.php(625): CodeIgniter\BaseModel->insert(Array, true)
#5 /Users/ahmed/Sites/ci.lo/app/Controllers/Api/V1/Auth/Signin.php(25): CodeIgniter\Model->insert(Array)
#6 /Users/ahmed/Sites/ci.lo/system/CodeIgniter.php(832): App\Controllers\Api\V1\Auth\SignIn->index()
#7 /Users/ahmed/Sites/ci.lo/system/CodeIgniter.php(419): CodeIgniter\CodeIgniter->runController(Object(App\Controllers\Api\V1\Auth\SignIn))
#8 /Users/ahmed/Sites/ci.lo/system/CodeIgniter.php(326): CodeIgniter\CodeIgniter->handleRequest(NULL, Object(Config\Cache), false)
#9 /Users/ahmed/Sites/ci.lo/public/index.php(37): CodeIgniter\CodeIgniter->run()
#10 {main}
ERROR - 2022-05-29 01:04:56 --> Table 'restaurant.users' doesn't exist
CRITICAL - 2022-05-29 01:04:56 --> Table 'restaurant.users' doesn't exist
#0 /Users/ahmed/Sites/ci.lo/system/Database/MySQLi/Connection.php(292): mysqli->query('INSERT INTO `us...', 0)
#1 /Users/ahmed/Sites/ci.lo/system/Database/BaseConnection.php(670): CodeIgniter\Database\MySQLi\Connection->execute('INSERT INTO `us...')
#2 /Users/ahmed/Sites/ci.lo/system/Database/BaseConnection.php(598): CodeIgniter\Database\BaseConnection->simpleQuery('INSERT INTO `us...')
#3 /Users/ahmed/Sites/ci.lo/system/Database/BaseBuilder.php(1771): CodeIgniter\Database\BaseConnection->query('INSERT INTO `us...', Array, false)
#4 /Users/ahmed/Sites/ci.lo/system/Model.php(239): CodeIgniter\Database\BaseBuilder->insert()
#5 /Users/ahmed/Sites/ci.lo/system/BaseModel.php(738): CodeIgniter\Model->doInsert(Array)
#6 /Users/ahmed/Sites/ci.lo/system/Model.php(625): CodeIgniter\BaseModel->insert(Array, true)
#7 /Users/ahmed/Sites/ci.lo/app/Controllers/Api/V1/Auth/Signin.php(25): CodeIgniter\Model->insert(Array)
#8 /Users/ahmed/Sites/ci.lo/system/CodeIgniter.php(832): App\Controllers\Api\V1\Auth\SignIn->index()
#9 /Users/ahmed/Sites/ci.lo/system/CodeIgniter.php(419): CodeIgniter\CodeIgniter->runController(Object(App\Controllers\Api\V1\Auth\SignIn))
#10 /Users/ahmed/Sites/ci.lo/system/CodeIgniter.php(326): CodeIgniter\CodeIgniter->handleRequest(NULL, Object(Config\Cache), false)
#11 /Users/ahmed/Sites/ci.lo/public/index.php(37): CodeIgniter\CodeIgniter->run()
#12 {main}
ERROR - 2022-05-29 01:06:33 --> Table 'restaurant.users' doesn't exist
CRITICAL - 2022-05-29 01:06:33 --> Table 'restaurant.users' doesn't exist
#0 /Users/ahmed/Sites/ci.lo/system/Database/MySQLi/Connection.php(292): mysqli->query('INSERT INTO `us...', 0)
#1 /Users/ahmed/Sites/ci.lo/system/Database/BaseConnection.php(670): CodeIgniter\Database\MySQLi\Connection->execute('INSERT INTO `us...')
#2 /Users/ahmed/Sites/ci.lo/system/Database/BaseConnection.php(598): CodeIgniter\Database\BaseConnection->simpleQuery('INSERT INTO `us...')
#3 /Users/ahmed/Sites/ci.lo/system/Database/BaseBuilder.php(1771): CodeIgniter\Database\BaseConnection->query('INSERT INTO `us...', Array, false)
#4 /Users/ahmed/Sites/ci.lo/system/Model.php(239): CodeIgniter\Database\BaseBuilder->insert()
#5 /Users/ahmed/Sites/ci.lo/system/BaseModel.php(738): CodeIgniter\Model->doInsert(Array)
#6 /Users/ahmed/Sites/ci.lo/system/Model.php(625): CodeIgniter\BaseModel->insert(Array, true)
#7 /Users/ahmed/Sites/ci.lo/app/Controllers/Api/V1/Auth/Signin.php(25): CodeIgniter\Model->insert(Array)
#8 /Users/ahmed/Sites/ci.lo/system/CodeIgniter.php(832): App\Controllers\Api\V1\Auth\SignIn->index()
#9 /Users/ahmed/Sites/ci.lo/system/CodeIgniter.php(419): CodeIgniter\CodeIgniter->runController(Object(App\Controllers\Api\V1\Auth\SignIn))
#10 /Users/ahmed/Sites/ci.lo/system/CodeIgniter.php(326): CodeIgniter\CodeIgniter->handleRequest(NULL, Object(Config\Cache), false)
#11 /Users/ahmed/Sites/ci.lo/public/index.php(37): CodeIgniter\CodeIgniter->run()
#12 {main}
CRITICAL - 2022-05-29 01:15:59 --> You must set the database table to be used with your query.
#0 /Users/ahmed/Sites/ci.lo/system/Model.php(545): CodeIgniter\Database\BaseConnection->table(NULL)
#1 /Users/ahmed/Sites/ci.lo/system/Model.php(232): CodeIgniter\Model->builder()
#2 /Users/ahmed/Sites/ci.lo/system/BaseModel.php(738): CodeIgniter\Model->doInsert(Array)
#3 /Users/ahmed/Sites/ci.lo/system/Model.php(625): CodeIgniter\BaseModel->insert(Array, true)
#4 /Users/ahmed/Sites/ci.lo/app/Controllers/Api/V1/Auth/Signin.php(25): CodeIgniter\Model->insert(Array)
#5 /Users/ahmed/Sites/ci.lo/system/CodeIgniter.php(832): App\Controllers\Api\V1\Auth\SignIn->index()
#6 /Users/ahmed/Sites/ci.lo/system/CodeIgniter.php(419): CodeIgniter\CodeIgniter->runController(Object(App\Controllers\Api\V1\Auth\SignIn))
#7 /Users/ahmed/Sites/ci.lo/system/CodeIgniter.php(326): CodeIgniter\CodeIgniter->handleRequest(NULL, Object(Config\Cache), false)
#8 /Users/ahmed/Sites/ci.lo/public/index.php(37): CodeIgniter\CodeIgniter->run()
#9 {main}
CRITICAL - 2022-05-29 01:16:39 --> You must set the database table to be used with your query.
#0 /Users/ahmed/Sites/ci.lo/system/Model.php(545): CodeIgniter\Database\BaseConnection->table(NULL)
#1 /Users/ahmed/Sites/ci.lo/system/Model.php(232): CodeIgniter\Model->builder()
#2 /Users/ahmed/Sites/ci.lo/system/BaseModel.php(738): CodeIgniter\Model->doInsert(Array)
#3 /Users/ahmed/Sites/ci.lo/system/Model.php(625): CodeIgniter\BaseModel->insert(Array, true)
#4 /Users/ahmed/Sites/ci.lo/app/Controllers/Api/V1/Auth/Signin.php(25): CodeIgniter\Model->insert(Array)
#5 /Users/ahmed/Sites/ci.lo/system/CodeIgniter.php(832): App\Controllers\Api\V1\Auth\SignIn->index()
#6 /Users/ahmed/Sites/ci.lo/system/CodeIgniter.php(419): CodeIgniter\CodeIgniter->runController(Object(App\Controllers\Api\V1\Auth\SignIn))
#7 /Users/ahmed/Sites/ci.lo/system/CodeIgniter.php(326): CodeIgniter\CodeIgniter->handleRequest(NULL, Object(Config\Cache), false)
#8 /Users/ahmed/Sites/ci.lo/public/index.php(37): CodeIgniter\CodeIgniter->run()
#9 {main}
CRITICAL - 2022-05-29 01:26:01 --> Encrypter needs a starter key.
#0 /Users/ahmed/Sites/ci.lo/system/Encryption/Encryption.php(124): CodeIgniter\Encryption\Exceptions\EncryptionException::forNeedsStarterKey()
#1 /Users/ahmed/Sites/ci.lo/system/Config/Services.php(215): CodeIgniter\Encryption\Encryption->initialize(Object(Config\Encryption))
#2 /Users/ahmed/Sites/ci.lo/system/Config/BaseService.php(248): CodeIgniter\Config\Services::encrypter()
#3 /Users/ahmed/Sites/ci.lo/app/Controllers/Api/V1/Auth/Signup.php(21): CodeIgniter\Config\BaseService::__callStatic('encrypter', Array)
#4 /Users/ahmed/Sites/ci.lo/system/CodeIgniter.php(832): App\Controllers\Api\V1\Auth\SignUp->index()
#5 /Users/ahmed/Sites/ci.lo/system/CodeIgniter.php(419): CodeIgniter\CodeIgniter->runController(Object(App\Controllers\Api\V1\Auth\SignUp))
#6 /Users/ahmed/Sites/ci.lo/system/CodeIgniter.php(326): CodeIgniter\CodeIgniter->handleRequest(NULL, Object(Config\Cache), false)
#7 /Users/ahmed/Sites/ci.lo/public/index.php(37): CodeIgniter\CodeIgniter->run()
#8 {main}
CRITICAL - 2022-05-29 01:26:30 --> Encrypter needs a starter key.
#0 /Users/ahmed/Sites/ci.lo/system/Encryption/Encryption.php(124): CodeIgniter\Encryption\Exceptions\EncryptionException::forNeedsStarterKey()
#1 /Users/ahmed/Sites/ci.lo/system/Config/Services.php(215): CodeIgniter\Encryption\Encryption->initialize(Object(Config\Encryption))
#2 /Users/ahmed/Sites/ci.lo/system/Config/BaseService.php(248): CodeIgniter\Config\Services::encrypter()
#3 /Users/ahmed/Sites/ci.lo/app/Controllers/Api/V1/Auth/Signup.php(21): CodeIgniter\Config\BaseService::__callStatic('encrypter', Array)
#4 /Users/ahmed/Sites/ci.lo/system/CodeIgniter.php(832): App\Controllers\Api\V1\Auth\SignUp->index()
#5 /Users/ahmed/Sites/ci.lo/system/CodeIgniter.php(419): CodeIgniter\CodeIgniter->runController(Object(App\Controllers\Api\V1\Auth\SignUp))
#6 /Users/ahmed/Sites/ci.lo/system/CodeIgniter.php(326): CodeIgniter\CodeIgniter->handleRequest(NULL, Object(Config\Cache), false)
#7 /Users/ahmed/Sites/ci.lo/public/index.php(37): CodeIgniter\CodeIgniter->run()
#8 {main}
CRITICAL - 2022-05-29 01:28:33 --> Array to string conversion
#0 /Users/ahmed/Sites/ci.lo/app/Controllers/Api/V1/Auth/Signup.php(31): CodeIgniter\Debug\Exceptions->errorHandler(8, 'Array to string...', '/Users/ahmed/Si...', 31, Array)
#1 /Users/ahmed/Sites/ci.lo/system/CodeIgniter.php(832): App\Controllers\Api\V1\Auth\SignUp->index()
#2 /Users/ahmed/Sites/ci.lo/system/CodeIgniter.php(419): CodeIgniter\CodeIgniter->runController(Object(App\Controllers\Api\V1\Auth\SignUp))
#3 /Users/ahmed/Sites/ci.lo/system/CodeIgniter.php(326): CodeIgniter\CodeIgniter->handleRequest(NULL, Object(Config\Cache), false)
#4 /Users/ahmed/Sites/ci.lo/public/index.php(37): CodeIgniter\CodeIgniter->run()
#5 {main}
CRITICAL - 2022-05-29 01:38:35 --> Encrypter needs a starter key.
#0 /Users/ahmed/Sites/ci.lo/system/Encryption/Encryption.php(124): CodeIgniter\Encryption\Exceptions\EncryptionException::forNeedsStarterKey()
#1 /Users/ahmed/Sites/ci.lo/system/Config/Services.php(215): CodeIgniter\Encryption\Encryption->initialize(Object(Config\Encryption))
#2 /Users/ahmed/Sites/ci.lo/system/Config/BaseService.php(248): CodeIgniter\Config\Services::encrypter()
#3 /Users/ahmed/Sites/ci.lo/app/Controllers/Api/V1/Auth/Signin.php(23): CodeIgniter\Config\BaseService::__callStatic('encrypter', Array)
#4 /Users/ahmed/Sites/ci.lo/system/CodeIgniter.php(832): App\Controllers\Api\V1\Auth\SignIn->index()
#5 /Users/ahmed/Sites/ci.lo/system/CodeIgniter.php(419): CodeIgniter\CodeIgniter->runController(Object(App\Controllers\Api\V1\Auth\SignIn))
#6 /Users/ahmed/Sites/ci.lo/system/CodeIgniter.php(326): CodeIgniter\CodeIgniter->handleRequest(NULL, Object(Config\Cache), false)
#7 /Users/ahmed/Sites/ci.lo/public/index.php(37): CodeIgniter\CodeIgniter->run()
#8 {main}
CRITICAL - 2022-05-29 01:39:21 --> Encrypter needs a starter key.
#0 /Users/ahmed/Sites/ci.lo/system/Encryption/Encryption.php(124): CodeIgniter\Encryption\Exceptions\EncryptionException::forNeedsStarterKey()
#1 /Users/ahmed/Sites/ci.lo/system/Config/Services.php(215): CodeIgniter\Encryption\Encryption->initialize(Object(Config\Encryption))
#2 /Users/ahmed/Sites/ci.lo/system/Config/BaseService.php(248): CodeIgniter\Config\Services::encrypter()
#3 /Users/ahmed/Sites/ci.lo/app/Controllers/Api/V1/Auth/Signin.php(23): CodeIgniter\Config\BaseService::__callStatic('encrypter', Array)
#4 /Users/ahmed/Sites/ci.lo/system/CodeIgniter.php(832): App\Controllers\Api\V1\Auth\SignIn->index()
#5 /Users/ahmed/Sites/ci.lo/system/CodeIgniter.php(419): CodeIgniter\CodeIgniter->runController(Object(App\Controllers\Api\V1\Auth\SignIn))
#6 /Users/ahmed/Sites/ci.lo/system/CodeIgniter.php(326): CodeIgniter\CodeIgniter->handleRequest(NULL, Object(Config\Cache), false)
#7 /Users/ahmed/Sites/ci.lo/public/index.php(37): CodeIgniter\CodeIgniter->run()
#8 {main}
CRITICAL - 2022-05-29 01:43:12 --> Encrypter needs a starter key.
#0 /Users/ahmed/Sites/ci.lo/system/Encryption/Encryption.php(124): CodeIgniter\Encryption\Exceptions\EncryptionException::forNeedsStarterKey()
#1 /Users/ahmed/Sites/ci.lo/system/Config/Services.php(215): CodeIgniter\Encryption\Encryption->initialize(Object(Config\Encryption))
#2 /Users/ahmed/Sites/ci.lo/system/Config/BaseService.php(248): CodeIgniter\Config\Services::encrypter()
#3 /Users/ahmed/Sites/ci.lo/app/Controllers/Api/V1/Auth/Signin.php(23): CodeIgniter\Config\BaseService::__callStatic('encrypter', Array)
#4 /Users/ahmed/Sites/ci.lo/system/CodeIgniter.php(832): App\Controllers\Api\V1\Auth\SignIn->index()
#5 /Users/ahmed/Sites/ci.lo/system/CodeIgniter.php(419): CodeIgniter\CodeIgniter->runController(Object(App\Controllers\Api\V1\Auth\SignIn))
#6 /Users/ahmed/Sites/ci.lo/system/CodeIgniter.php(326): CodeIgniter\CodeIgniter->handleRequest(NULL, Object(Config\Cache), false)
#7 /Users/ahmed/Sites/ci.lo/public/index.php(37): CodeIgniter\CodeIgniter->run()
#8 {main}
CRITICAL - 2022-05-29 01:44:06 --> Encrypter needs a starter key.
#0 /Users/ahmed/Sites/ci.lo/system/Encryption/Encryption.php(124): CodeIgniter\Encryption\Exceptions\EncryptionException::forNeedsStarterKey()
#1 /Users/ahmed/Sites/ci.lo/system/Config/Services.php(215): CodeIgniter\Encryption\Encryption->initialize(Object(Config\Encryption))
#2 /Users/ahmed/Sites/ci.lo/system/Config/BaseService.php(248): CodeIgniter\Config\Services::encrypter()
#3 /Users/ahmed/Sites/ci.lo/app/Controllers/Api/V1/Auth/Signin.php(23): CodeIgniter\Config\BaseService::__callStatic('encrypter', Array)
#4 /Users/ahmed/Sites/ci.lo/system/CodeIgniter.php(832): App\Controllers\Api\V1\Auth\SignIn->index()
#5 /Users/ahmed/Sites/ci.lo/system/CodeIgniter.php(419): CodeIgniter\CodeIgniter->runController(Object(App\Controllers\Api\V1\Auth\SignIn))
#6 /Users/ahmed/Sites/ci.lo/system/CodeIgniter.php(326): CodeIgniter\CodeIgniter->handleRequest(NULL, Object(Config\Cache), false)
#7 /Users/ahmed/Sites/ci.lo/public/index.php(37): CodeIgniter\CodeIgniter->run()
#8 {main}
CRITICAL - 2022-05-29 01:44:19 --> Encrypter needs a starter key.
#0 /Users/ahmed/Sites/ci.lo/system/Encryption/Encryption.php(124): CodeIgniter\Encryption\Exceptions\EncryptionException::forNeedsStarterKey()
#1 /Users/ahmed/Sites/ci.lo/system/Config/Services.php(215): CodeIgniter\Encryption\Encryption->initialize(Object(Config\Encryption))
#2 /Users/ahmed/Sites/ci.lo/system/Config/BaseService.php(248): CodeIgniter\Config\Services::encrypter()
#3 /Users/ahmed/Sites/ci.lo/app/Controllers/Api/V1/Auth/Signin.php(23): CodeIgniter\Config\BaseService::__callStatic('encrypter', Array)
#4 /Users/ahmed/Sites/ci.lo/system/CodeIgniter.php(832): App\Controllers\Api\V1\Auth\SignIn->index()
#5 /Users/ahmed/Sites/ci.lo/system/CodeIgniter.php(419): CodeIgniter\CodeIgniter->runController(Object(App\Controllers\Api\V1\Auth\SignIn))
#6 /Users/ahmed/Sites/ci.lo/system/CodeIgniter.php(326): CodeIgniter\CodeIgniter->handleRequest(NULL, Object(Config\Cache), false)
#7 /Users/ahmed/Sites/ci.lo/public/index.php(37): CodeIgniter\CodeIgniter->run()
#8 {main}
CRITICAL - 2022-05-29 01:44:50 --> Encrypter needs a starter key.
#0 /Users/ahmed/Sites/ci.lo/system/Encryption/Encryption.php(124): CodeIgniter\Encryption\Exceptions\EncryptionException::forNeedsStarterKey()
#1 /Users/ahmed/Sites/ci.lo/system/Config/Services.php(215): CodeIgniter\Encryption\Encryption->initialize(Object(Config\Encryption))
#2 /Users/ahmed/Sites/ci.lo/system/Config/BaseService.php(248): CodeIgniter\Config\Services::encrypter()
#3 /Users/ahmed/Sites/ci.lo/app/Controllers/Api/V1/Auth/Signin.php(23): CodeIgniter\Config\BaseService::__callStatic('encrypter', Array)
#4 /Users/ahmed/Sites/ci.lo/system/CodeIgniter.php(832): App\Controllers\Api\V1\Auth\SignIn->index()
#5 /Users/ahmed/Sites/ci.lo/system/CodeIgniter.php(419): CodeIgniter\CodeIgniter->runController(Object(App\Controllers\Api\V1\Auth\SignIn))
#6 /Users/ahmed/Sites/ci.lo/system/CodeIgniter.php(326): CodeIgniter\CodeIgniter->handleRequest(NULL, Object(Config\Cache), false)
#7 /Users/ahmed/Sites/ci.lo/public/index.php(37): CodeIgniter\CodeIgniter->run()
#8 {main}
CRITICAL - 2022-05-29 01:45:21 --> Failed to parse json string, error: "Malformed UTF-8 characters, possibly incorrectly encoded".
#0 /Users/ahmed/Sites/ci.lo/system/Format/JSONFormatter.php(41): CodeIgniter\Format\Exceptions\FormatException::forInvalidJSON('Malformed UTF-8...')
#1 /Users/ahmed/Sites/ci.lo/system/HTTP/ResponseTrait.php(318): CodeIgniter\Format\JSONFormatter->format(Array)
#2 /Users/ahmed/Sites/ci.lo/system/HTTP/ResponseTrait.php(244): CodeIgniter\HTTP\Response->formatBody(Array, 'json')
#3 /Users/ahmed/Sites/ci.lo/app/Controllers/Api/V1/Auth/Signin.php(46): CodeIgniter\HTTP\Response->setJSON(Array)
#4 /Users/ahmed/Sites/ci.lo/system/CodeIgniter.php(832): App\Controllers\Api\V1\Auth\SignIn->index()
#5 /Users/ahmed/Sites/ci.lo/system/CodeIgniter.php(419): CodeIgniter\CodeIgniter->runController(Object(App\Controllers\Api\V1\Auth\SignIn))
#6 /Users/ahmed/Sites/ci.lo/system/CodeIgniter.php(326): CodeIgniter\CodeIgniter->handleRequest(NULL, Object(Config\Cache), false)
#7 /Users/ahmed/Sites/ci.lo/public/index.php(37): CodeIgniter\CodeIgniter->run()
#8 {main}
CRITICAL - 2022-05-29 01:45:21 --> Uncaught CodeIgniter\Format\Exceptions\FormatException: Failed to parse json string, error: "Malformed UTF-8 characters, possibly incorrectly encoded". in /Users/ahmed/Sites/ci.lo/system/Format/JSONFormatter.php:41
Stack trace:
#0 /Users/ahmed/Sites/ci.lo/system/Format/JSONFormatter.php(41): CodeIgniter\Format\Exceptions\FormatException::forInvalidJSON('Malformed UTF-8...')
#1 /Users/ahmed/Sites/ci.lo/system/API/ResponseTrait.php(341): CodeIgniter\Format\JSONFormatter->format(Array)
#2 /Users/ahmed/Sites/ci.lo/system/API/ResponseTrait.php(99): CodeIgniter\Debug\Exceptions->format(Array)
#3 /Users/ahmed/Sites/ci.lo/system/Debug/Exceptions.php(115): CodeIgniter\Debug\Exceptions->respond(Array, 500)
#4 [internal function]: CodeIgniter\Debug\Exceptions->exceptionHandler(Object(CodeIgniter\Format\Exceptions\FormatException))
#5 {main}
  thrown
#0 [internal function]: CodeIgniter\Debug\Exceptions->shutdownHandler()
#1 {main}
CRITICAL - 2022-05-29 01:54:29 --> Encrypter needs a starter key.
#0 /Users/ahmed/Sites/ci.lo/system/Encryption/Encryption.php(124): CodeIgniter\Encryption\Exceptions\EncryptionException::forNeedsStarterKey()
#1 /Users/ahmed/Sites/ci.lo/system/Config/Services.php(215): CodeIgniter\Encryption\Encryption->initialize(Object(Config\Encryption))
#2 /Users/ahmed/Sites/ci.lo/system/Config/BaseService.php(248): CodeIgniter\Config\Services::encrypter()
#3 /Users/ahmed/Sites/ci.lo/app/Controllers/Api/V1/Auth/Signin.php(24): CodeIgniter\Config\BaseService::__callStatic('encrypter', Array)
#4 /Users/ahmed/Sites/ci.lo/system/CodeIgniter.php(832): App\Controllers\Api\V1\Auth\SignIn->index()
#5 /Users/ahmed/Sites/ci.lo/system/CodeIgniter.php(419): CodeIgniter\CodeIgniter->runController(Object(App\Controllers\Api\V1\Auth\SignIn))
#6 /Users/ahmed/Sites/ci.lo/system/CodeIgniter.php(326): CodeIgniter\CodeIgniter->handleRequest(NULL, Object(Config\Cache), false)
#7 /Users/ahmed/Sites/ci.lo/public/index.php(37): CodeIgniter\CodeIgniter->run()
#8 {main}
CRITICAL - 2022-05-29 02:03:09 --> Expired token
#0 /Users/ahmed/Sites/ci.lo/app/Controllers/Api/V1/Auth/Signin.php(46): Firebase\JWT\JWT::decode('eyJ0eXAiOiJKV1Q...', Object(Firebase\JWT\Key))
#1 /Users/ahmed/Sites/ci.lo/system/CodeIgniter.php(832): App\Controllers\Api\V1\Auth\SignIn->index()
#2 /Users/ahmed/Sites/ci.lo/system/CodeIgniter.php(419): CodeIgniter\CodeIgniter->runController(Object(App\Controllers\Api\V1\Auth\SignIn))
#3 /Users/ahmed/Sites/ci.lo/system/CodeIgniter.php(326): CodeIgniter\CodeIgniter->handleRequest(NULL, Object(Config\Cache), false)
#4 /Users/ahmed/Sites/ci.lo/public/index.php(37): CodeIgniter\CodeIgniter->run()
#5 {main}
CRITICAL - 2022-05-29 02:03:12 --> Expired token
#0 /Users/ahmed/Sites/ci.lo/app/Controllers/Api/V1/Auth/Signin.php(46): Firebase\JWT\JWT::decode('eyJ0eXAiOiJKV1Q...', Object(Firebase\JWT\Key))
#1 /Users/ahmed/Sites/ci.lo/system/CodeIgniter.php(832): App\Controllers\Api\V1\Auth\SignIn->index()
#2 /Users/ahmed/Sites/ci.lo/system/CodeIgniter.php(419): CodeIgniter\CodeIgniter->runController(Object(App\Controllers\Api\V1\Auth\SignIn))
#3 /Users/ahmed/Sites/ci.lo/system/CodeIgniter.php(326): CodeIgniter\CodeIgniter->handleRequest(NULL, Object(Config\Cache), false)
#4 /Users/ahmed/Sites/ci.lo/public/index.php(37): CodeIgniter\CodeIgniter->run()
#5 {main}
CRITICAL - 2022-05-29 02:03:13 --> Expired token
#0 /Users/ahmed/Sites/ci.lo/app/Controllers/Api/V1/Auth/Signin.php(46): Firebase\JWT\JWT::decode('eyJ0eXAiOiJKV1Q...', Object(Firebase\JWT\Key))
#1 /Users/ahmed/Sites/ci.lo/system/CodeIgniter.php(832): App\Controllers\Api\V1\Auth\SignIn->index()
#2 /Users/ahmed/Sites/ci.lo/system/CodeIgniter.php(419): CodeIgniter\CodeIgniter->runController(Object(App\Controllers\Api\V1\Auth\SignIn))
#3 /Users/ahmed/Sites/ci.lo/system/CodeIgniter.php(326): CodeIgniter\CodeIgniter->handleRequest(NULL, Object(Config\Cache), false)
#4 /Users/ahmed/Sites/ci.lo/public/index.php(37): CodeIgniter\CodeIgniter->run()
#5 {main}
CRITICAL - 2022-05-29 02:10:01 --> Cannot use object of type stdClass as array
#0 /Users/ahmed/Sites/ci.lo/app/Controllers/Api/V1/Auth/Signin.php(39): App\Libraries\JWTHelper::decode('eyJ0eXAiOiJKV1Q...')
#1 /Users/ahmed/Sites/ci.lo/system/CodeIgniter.php(832): App\Controllers\Api\V1\Auth\SignIn->index()
#2 /Users/ahmed/Sites/ci.lo/system/CodeIgniter.php(419): CodeIgniter\CodeIgniter->runController(Object(App\Controllers\Api\V1\Auth\SignIn))
#3 /Users/ahmed/Sites/ci.lo/system/CodeIgniter.php(326): CodeIgniter\CodeIgniter->handleRequest(NULL, Object(Config\Cache), false)
#4 /Users/ahmed/Sites/ci.lo/public/index.php(37): CodeIgniter\CodeIgniter->run()
#5 {main}
CRITICAL - 2022-05-29 02:20:05 --> Object of class stdClass could not be converted to string
#0 /Users/ahmed/Sites/ci.lo/app/Filters/ApiAuth.php(17): CodeIgniter\Debug\Exceptions->errorHandler(4096, 'Object of class...', '/Users/ahmed/Si...', 17, Array)
#1 /Users/ahmed/Sites/ci.lo/system/Filters/Filters.php(173): App\Filters\ApiAuth->before(Object(CodeIgniter\HTTP\IncomingRequest), NULL)
#2 /Users/ahmed/Sites/ci.lo/system/CodeIgniter.php(393): CodeIgniter\Filters\Filters->run('api/v1', 'before')
#3 /Users/ahmed/Sites/ci.lo/system/CodeIgniter.php(326): CodeIgniter\CodeIgniter->handleRequest(NULL, Object(Config\Cache), false)
#4 /Users/ahmed/Sites/ci.lo/public/index.php(37): CodeIgniter\CodeIgniter->run()
#5 {main}
CRITICAL - 2022-05-29 02:28:03 --> Undefined property: CodeIgniter\HTTP\IncomingRequest::$payload
#0 /Users/ahmed/Sites/ci.lo/app/Controllers/Api/V1/Home.php(11): CodeIgniter\Debug\Exceptions->errorHandler(8, 'Undefined prope...', '/Users/ahmed/Si...', 11, Array)
#1 /Users/ahmed/Sites/ci.lo/system/CodeIgniter.php(832): App\Controllers\Api\V1\Home->index()
#2 /Users/ahmed/Sites/ci.lo/system/CodeIgniter.php(419): CodeIgniter\CodeIgniter->runController(Object(App\Controllers\Api\V1\Home))
#3 /Users/ahmed/Sites/ci.lo/system/CodeIgniter.php(326): CodeIgniter\CodeIgniter->handleRequest(NULL, Object(Config\Cache), false)
#4 /Users/ahmed/Sites/ci.lo/public/index.php(37): CodeIgniter\CodeIgniter->run()
#5 {main}
CRITICAL - 2022-05-29 02:31:00 --> Undefined property: CodeIgniter\HTTP\IncomingRequest::$payload
#0 /Users/ahmed/Sites/ci.lo/app/Controllers/Api/V1/Home.php(11): CodeIgniter\Debug\Exceptions->errorHandler(8, 'Undefined prope...', '/Users/ahmed/Si...', 11, Array)
#1 /Users/ahmed/Sites/ci.lo/system/CodeIgniter.php(832): App\Controllers\Api\V1\Home->index()
#2 /Users/ahmed/Sites/ci.lo/system/CodeIgniter.php(419): CodeIgniter\CodeIgniter->runController(Object(App\Controllers\Api\V1\Home))
#3 /Users/ahmed/Sites/ci.lo/system/CodeIgniter.php(326): CodeIgniter\CodeIgniter->handleRequest(NULL, Object(Config\Cache), false)
#4 /Users/ahmed/Sites/ci.lo/public/index.php(37): CodeIgniter\CodeIgniter->run()
#5 {main}
CRITICAL - 2022-05-29 02:31:34 --> Undefined property: CodeIgniter\HTTP\IncomingRequest::$payload
#0 /Users/ahmed/Sites/ci.lo/app/Controllers/Api/V1/Home.php(11): CodeIgniter\Debug\Exceptions->errorHandler(8, 'Undefined prope...', '/Users/ahmed/Si...', 11, Array)
#1 /Users/ahmed/Sites/ci.lo/system/CodeIgniter.php(832): App\Controllers\Api\V1\Home->index()
#2 /Users/ahmed/Sites/ci.lo/system/CodeIgniter.php(419): CodeIgniter\CodeIgniter->runController(Object(App\Controllers\Api\V1\Home))
#3 /Users/ahmed/Sites/ci.lo/system/CodeIgniter.php(326): CodeIgniter\CodeIgniter->handleRequest(NULL, Object(Config\Cache), false)
#4 /Users/ahmed/Sites/ci.lo/public/index.php(37): CodeIgniter\CodeIgniter->run()
#5 {main}
CRITICAL - 2022-05-29 02:31:49 --> Undefined property: CodeIgniter\HTTP\IncomingRequest::$payload
#0 /Users/ahmed/Sites/ci.lo/app/Controllers/Api/V1/Home.php(11): CodeIgniter\Debug\Exceptions->errorHandler(8, 'Undefined prope...', '/Users/ahmed/Si...', 11, Array)
#1 /Users/ahmed/Sites/ci.lo/system/CodeIgniter.php(832): App\Controllers\Api\V1\Home->index()
#2 /Users/ahmed/Sites/ci.lo/system/CodeIgniter.php(419): CodeIgniter\CodeIgniter->runController(Object(App\Controllers\Api\V1\Home))
#3 /Users/ahmed/Sites/ci.lo/system/CodeIgniter.php(326): CodeIgniter\CodeIgniter->handleRequest(NULL, Object(Config\Cache), false)
#4 /Users/ahmed/Sites/ci.lo/public/index.php(37): CodeIgniter\CodeIgniter->run()
#5 {main}
CRITICAL - 2022-05-29 02:32:07 --> Undefined property: CodeIgniter\HTTP\IncomingRequest::$payload
#0 /Users/ahmed/Sites/ci.lo/app/Controllers/Api/V1/Home.php(11): CodeIgniter\Debug\Exceptions->errorHandler(8, 'Undefined prope...', '/Users/ahmed/Si...', 11, Array)
#1 /Users/ahmed/Sites/ci.lo/system/CodeIgniter.php(832): App\Controllers\Api\V1\Home->index()
#2 /Users/ahmed/Sites/ci.lo/system/CodeIgniter.php(419): CodeIgniter\CodeIgniter->runController(Object(App\Controllers\Api\V1\Home))
#3 /Users/ahmed/Sites/ci.lo/system/CodeIgniter.php(326): CodeIgniter\CodeIgniter->handleRequest(NULL, Object(Config\Cache), false)
#4 /Users/ahmed/Sites/ci.lo/public/index.php(37): CodeIgniter\CodeIgniter->run()
#5 {main}
CRITICAL - 2022-05-29 02:32:16 --> Undefined property: CodeIgniter\HTTP\IncomingRequest::$payload
#0 /Users/ahmed/Sites/ci.lo/app/Controllers/Api/V1/Home.php(11): CodeIgniter\Debug\Exceptions->errorHandler(8, 'Undefined prope...', '/Users/ahmed/Si...', 11, Array)
#1 /Users/ahmed/Sites/ci.lo/system/CodeIgniter.php(832): App\Controllers\Api\V1\Home->index()
#2 /Users/ahmed/Sites/ci.lo/system/CodeIgniter.php(419): CodeIgniter\CodeIgniter->runController(Object(App\Controllers\Api\V1\Home))
#3 /Users/ahmed/Sites/ci.lo/system/CodeIgniter.php(326): CodeIgniter\CodeIgniter->handleRequest(NULL, Object(Config\Cache), false)
#4 /Users/ahmed/Sites/ci.lo/public/index.php(37): CodeIgniter\CodeIgniter->run()
#5 {main}
CRITICAL - 2022-05-29 02:32:41 --> Too few arguments to function CodeIgniter\HTTP\Response::__construct(), 0 passed in /Users/ahmed/Sites/ci.lo/app/Filters/ApiAuth.php on line 14 and exactly 1 expected
#0 /Users/ahmed/Sites/ci.lo/app/Filters/ApiAuth.php(14): CodeIgniter\HTTP\Response->__construct()
#1 /Users/ahmed/Sites/ci.lo/system/Filters/Filters.php(173): App\Filters\ApiAuth->before(Object(CodeIgniter\HTTP\IncomingRequest), NULL)
#2 /Users/ahmed/Sites/ci.lo/system/CodeIgniter.php(393): CodeIgniter\Filters\Filters->run('api/v1', 'before')
#3 /Users/ahmed/Sites/ci.lo/system/CodeIgniter.php(326): CodeIgniter\CodeIgniter->handleRequest(NULL, Object(Config\Cache), false)
#4 /Users/ahmed/Sites/ci.lo/public/index.php(37): CodeIgniter\CodeIgniter->run()
#5 {main}
CRITICAL - 2022-05-29 02:35:29 --> Undefined property: CodeIgniter\HTTP\IncomingRequest::$payload
#0 /Users/ahmed/Sites/ci.lo/app/Controllers/Api/V1/Home.php(11): CodeIgniter\Debug\Exceptions->errorHandler(8, 'Undefined prope...', '/Users/ahmed/Si...', 11, Array)
#1 /Users/ahmed/Sites/ci.lo/system/CodeIgniter.php(832): App\Controllers\Api\V1\Home->index()
#2 /Users/ahmed/Sites/ci.lo/system/CodeIgniter.php(419): CodeIgniter\CodeIgniter->runController(Object(App\Controllers\Api\V1\Home))
#3 /Users/ahmed/Sites/ci.lo/system/CodeIgniter.php(326): CodeIgniter\CodeIgniter->handleRequest(NULL, Object(Config\Cache), false)
#4 /Users/ahmed/Sites/ci.lo/public/index.php(37): CodeIgniter\CodeIgniter->run()
#5 {main}
CRITICAL - 2022-05-29 02:35:45 --> Undefined property: CodeIgniter\HTTP\IncomingRequest::$payload
#0 /Users/ahmed/Sites/ci.lo/app/Controllers/Api/V1/Home.php(11): CodeIgniter\Debug\Exceptions->errorHandler(8, 'Undefined prope...', '/Users/ahmed/Si...', 11, Array)
#1 /Users/ahmed/Sites/ci.lo/system/CodeIgniter.php(832): App\Controllers\Api\V1\Home->index()
#2 /Users/ahmed/Sites/ci.lo/system/CodeIgniter.php(419): CodeIgniter\CodeIgniter->runController(Object(App\Controllers\Api\V1\Home))
#3 /Users/ahmed/Sites/ci.lo/system/CodeIgniter.php(326): CodeIgniter\CodeIgniter->handleRequest(NULL, Object(Config\Cache), false)
#4 /Users/ahmed/Sites/ci.lo/public/index.php(37): CodeIgniter\CodeIgniter->run()
#5 {main}
CRITICAL - 2022-05-29 02:36:24 --> Undefined property: CodeIgniter\HTTP\IncomingRequest::$payload
#0 /Users/ahmed/Sites/ci.lo/app/Controllers/Api/V1/Home.php(11): CodeIgniter\Debug\Exceptions->errorHandler(8, 'Undefined prope...', '/Users/ahmed/Si...', 11, Array)
#1 /Users/ahmed/Sites/ci.lo/system/CodeIgniter.php(832): App\Controllers\Api\V1\Home->index()
#2 /Users/ahmed/Sites/ci.lo/system/CodeIgniter.php(419): CodeIgniter\CodeIgniter->runController(Object(App\Controllers\Api\V1\Home))
#3 /Users/ahmed/Sites/ci.lo/system/CodeIgniter.php(326): CodeIgniter\CodeIgniter->handleRequest(NULL, Object(Config\Cache), false)
#4 /Users/ahmed/Sites/ci.lo/public/index.php(37): CodeIgniter\CodeIgniter->run()
#5 {main}
CRITICAL - 2022-05-29 02:36:46 --> Undefined property: CodeIgniter\HTTP\IncomingRequest::$payload
#0 /Users/ahmed/Sites/ci.lo/app/Controllers/Api/V1/Home.php(11): CodeIgniter\Debug\Exceptions->errorHandler(8, 'Undefined prope...', '/Users/ahmed/Si...', 11, Array)
#1 /Users/ahmed/Sites/ci.lo/system/CodeIgniter.php(832): App\Controllers\Api\V1\Home->index()
#2 /Users/ahmed/Sites/ci.lo/system/CodeIgniter.php(419): CodeIgniter\CodeIgniter->runController(Object(App\Controllers\Api\V1\Home))
#3 /Users/ahmed/Sites/ci.lo/system/CodeIgniter.php(326): CodeIgniter\CodeIgniter->handleRequest(NULL, Object(Config\Cache), false)
#4 /Users/ahmed/Sites/ci.lo/public/index.php(37): CodeIgniter\CodeIgniter->run()
#5 {main}
CRITICAL - 2022-05-29 02:37:05 --> Undefined property: CodeIgniter\HTTP\IncomingRequest::$payload
#0 /Users/ahmed/Sites/ci.lo/app/Controllers/Api/V1/Home.php(11): CodeIgniter\Debug\Exceptions->errorHandler(8, 'Undefined prope...', '/Users/ahmed/Si...', 11, Array)
#1 /Users/ahmed/Sites/ci.lo/system/CodeIgniter.php(832): App\Controllers\Api\V1\Home->index()
#2 /Users/ahmed/Sites/ci.lo/system/CodeIgniter.php(419): CodeIgniter\CodeIgniter->runController(Object(App\Controllers\Api\V1\Home))
#3 /Users/ahmed/Sites/ci.lo/system/CodeIgniter.php(326): CodeIgniter\CodeIgniter->handleRequest(NULL, Object(Config\Cache), false)
#4 /Users/ahmed/Sites/ci.lo/public/index.php(37): CodeIgniter\CodeIgniter->run()
#5 {main}
CRITICAL - 2022-05-29 02:37:15 --> Undefined property: CodeIgniter\HTTP\IncomingRequest::$payload
#0 /Users/ahmed/Sites/ci.lo/app/Controllers/Api/V1/Home.php(11): CodeIgniter\Debug\Exceptions->errorHandler(8, 'Undefined prope...', '/Users/ahmed/Si...', 11, Array)
#1 /Users/ahmed/Sites/ci.lo/system/CodeIgniter.php(832): App\Controllers\Api\V1\Home->index()
#2 /Users/ahmed/Sites/ci.lo/system/CodeIgniter.php(419): CodeIgniter\CodeIgniter->runController(Object(App\Controllers\Api\V1\Home))
#3 /Users/ahmed/Sites/ci.lo/system/CodeIgniter.php(326): CodeIgniter\CodeIgniter->handleRequest(NULL, Object(Config\Cache), false)
#4 /Users/ahmed/Sites/ci.lo/public/index.php(37): CodeIgniter\CodeIgniter->run()
#5 {main}
CRITICAL - 2022-05-29 02:37:29 --> Undefined property: CodeIgniter\HTTP\IncomingRequest::$payload
#0 /Users/ahmed/Sites/ci.lo/app/Controllers/Api/V1/Home.php(11): CodeIgniter\Debug\Exceptions->errorHandler(8, 'Undefined prope...', '/Users/ahmed/Si...', 11, Array)
#1 /Users/ahmed/Sites/ci.lo/system/CodeIgniter.php(832): App\Controllers\Api\V1\Home->index()
#2 /Users/ahmed/Sites/ci.lo/system/CodeIgniter.php(419): CodeIgniter\CodeIgniter->runController(Object(App\Controllers\Api\V1\Home))
#3 /Users/ahmed/Sites/ci.lo/system/CodeIgniter.php(326): CodeIgniter\CodeIgniter->handleRequest(NULL, Object(Config\Cache), false)
#4 /Users/ahmed/Sites/ci.lo/public/index.php(37): CodeIgniter\CodeIgniter->run()
#5 {main}
CRITICAL - 2022-05-29 02:37:36 --> Undefined property: CodeIgniter\HTTP\IncomingRequest::$payload
#0 /Users/ahmed/Sites/ci.lo/app/Controllers/Api/V1/Home.php(11): CodeIgniter\Debug\Exceptions->errorHandler(8, 'Undefined prope...', '/Users/ahmed/Si...', 11, Array)
#1 /Users/ahmed/Sites/ci.lo/system/CodeIgniter.php(832): App\Controllers\Api\V1\Home->index()
#2 /Users/ahmed/Sites/ci.lo/system/CodeIgniter.php(419): CodeIgniter\CodeIgniter->runController(Object(App\Controllers\Api\V1\Home))
#3 /Users/ahmed/Sites/ci.lo/system/CodeIgniter.php(326): CodeIgniter\CodeIgniter->handleRequest(NULL, Object(Config\Cache), false)
#4 /Users/ahmed/Sites/ci.lo/public/index.php(37): CodeIgniter\CodeIgniter->run()
#5 {main}
CRITICAL - 2022-05-29 02:39:42 --> Undefined property: CodeIgniter\HTTP\IncomingRequest::$payload
#0 /Users/ahmed/Sites/ci.lo/app/Controllers/Api/V1/Home.php(11): CodeIgniter\Debug\Exceptions->errorHandler(8, 'Undefined prope...', '/Users/ahmed/Si...', 11, Array)
#1 /Users/ahmed/Sites/ci.lo/system/CodeIgniter.php(832): App\Controllers\Api\V1\Home->index()
#2 /Users/ahmed/Sites/ci.lo/system/CodeIgniter.php(419): CodeIgniter\CodeIgniter->runController(Object(App\Controllers\Api\V1\Home))
#3 /Users/ahmed/Sites/ci.lo/system/CodeIgniter.php(326): CodeIgniter\CodeIgniter->handleRequest(NULL, Object(Config\Cache), false)
#4 /Users/ahmed/Sites/ci.lo/public/index.php(37): CodeIgniter\CodeIgniter->run()
#5 {main}
CRITICAL - 2022-05-29 02:44:24 -->  route cannot be found while reverse-routing.
#0 /Users/ahmed/Sites/ci.lo/system/HTTP/RedirectResponse.php(56): CodeIgniter\HTTP\Exceptions\HTTPException::forInvalidRedirectRoute('')
#1 /Users/ahmed/Sites/ci.lo/system/Common.php(832): CodeIgniter\HTTP\RedirectResponse->route(false)
#2 /Users/ahmed/Sites/ci.lo/app/Filters/ApiAuth.php(21): redirect('/api/auth/error')
#3 /Users/ahmed/Sites/ci.lo/system/Filters/Filters.php(173): App\Filters\ApiAuth->before(Object(CodeIgniter\HTTP\IncomingRequest), NULL)
#4 /Users/ahmed/Sites/ci.lo/system/CodeIgniter.php(393): CodeIgniter\Filters\Filters->run('api/v1', 'before')
#5 /Users/ahmed/Sites/ci.lo/system/CodeIgniter.php(326): CodeIgniter\CodeIgniter->handleRequest(NULL, Object(Config\Cache), false)
#6 /Users/ahmed/Sites/ci.lo/public/index.php(37): CodeIgniter\CodeIgniter->run()
#7 {main}
CRITICAL - 2022-05-29 02:56:36 --> Undefined property: CodeIgniter\HTTP\IncomingRequest::$payload
#0 /Users/ahmed/Sites/ci.lo/app/Controllers/Api/V1/Home.php(11): CodeIgniter\Debug\Exceptions->errorHandler(8, 'Undefined prope...', '/Users/ahmed/Si...', 11, Array)
#1 /Users/ahmed/Sites/ci.lo/system/CodeIgniter.php(832): App\Controllers\Api\V1\Home->index()
#2 /Users/ahmed/Sites/ci.lo/system/CodeIgniter.php(419): CodeIgniter\CodeIgniter->runController(Object(App\Controllers\Api\V1\Home))
#3 /Users/ahmed/Sites/ci.lo/system/CodeIgniter.php(326): CodeIgniter\CodeIgniter->handleRequest(NULL, Object(Config\Cache), false)
#4 /Users/ahmed/Sites/ci.lo/public/index.php(37): CodeIgniter\CodeIgniter->run()
#5 {main}
CRITICAL - 2022-05-29 02:59:18 --> Undefined property: CodeIgniter\HTTP\IncomingRequest::$payload
#0 /Users/ahmed/Sites/ci.lo/app/Controllers/Api/V1/Home.php(11): CodeIgniter\Debug\Exceptions->errorHandler(8, 'Undefined prope...', '/Users/ahmed/Si...', 11, Array)
#1 /Users/ahmed/Sites/ci.lo/system/CodeIgniter.php(832): App\Controllers\Api\V1\Home->index()
#2 /Users/ahmed/Sites/ci.lo/system/CodeIgniter.php(419): CodeIgniter\CodeIgniter->runController(Object(App\Controllers\Api\V1\Home))
#3 /Users/ahmed/Sites/ci.lo/system/CodeIgniter.php(326): CodeIgniter\CodeIgniter->handleRequest(NULL, Object(Config\Cache), false)
#4 /Users/ahmed/Sites/ci.lo/public/index.php(37): CodeIgniter\CodeIgniter->run()
#5 {main}
ERROR - 2022-05-29 03:23:30 --> Table 'restaurant.users' doesn't exist
CRITICAL - 2022-05-29 03:23:30 --> Table 'restaurant.users' doesn't exist
#0 /Users/ahmed/Sites/ci.lo/system/Database/MySQLi/Connection.php(292): mysqli->query('SELECT *\nFROM `...', 0)
#1 /Users/ahmed/Sites/ci.lo/system/Database/BaseConnection.php(670): CodeIgniter\Database\MySQLi\Connection->execute('SELECT *\nFROM `...')
#2 /Users/ahmed/Sites/ci.lo/system/Database/BaseConnection.php(598): CodeIgniter\Database\BaseConnection->simpleQuery('SELECT *\nFROM `...')
#3 /Users/ahmed/Sites/ci.lo/system/Database/BaseBuilder.php(1455): CodeIgniter\Database\BaseConnection->query('SELECT *\nFROM `...', Array, false)
#4 /Users/ahmed/Sites/ci.lo/system/Model.php(210): CodeIgniter\Database\BaseBuilder->get()
#5 /Users/ahmed/Sites/ci.lo/system/BaseModel.php(622): CodeIgniter\Model->doFirst()
#6 /Users/ahmed/Sites/ci.lo/app/Controllers/Api/V1/Auth/Signin.php(30): CodeIgniter\BaseModel->first()
#7 /Users/ahmed/Sites/ci.lo/system/CodeIgniter.php(832): App\Controllers\Api\V1\Auth\SignIn->index()
#8 /Users/ahmed/Sites/ci.lo/system/CodeIgniter.php(419): CodeIgniter\CodeIgniter->runController(Object(App\Controllers\Api\V1\Auth\SignIn))
#9 /Users/ahmed/Sites/ci.lo/system/CodeIgniter.php(326): CodeIgniter\CodeIgniter->handleRequest(NULL, Object(Config\Cache), false)
#10 /Users/ahmed/Sites/ci.lo/public/index.php(37): CodeIgniter\CodeIgniter->run()
#11 {main}
ERROR - 2022-05-29 03:23:34 --> Table 'restaurant.users' doesn't exist
CRITICAL - 2022-05-29 03:23:34 --> Table 'restaurant.users' doesn't exist
#0 /Users/ahmed/Sites/ci.lo/system/Database/MySQLi/Connection.php(292): mysqli->query('SELECT *\nFROM `...', 0)
#1 /Users/ahmed/Sites/ci.lo/system/Database/BaseConnection.php(670): CodeIgniter\Database\MySQLi\Connection->execute('SELECT *\nFROM `...')
#2 /Users/ahmed/Sites/ci.lo/system/Database/BaseConnection.php(598): CodeIgniter\Database\BaseConnection->simpleQuery('SELECT *\nFROM `...')
#3 /Users/ahmed/Sites/ci.lo/system/Database/BaseBuilder.php(1455): CodeIgniter\Database\BaseConnection->query('SELECT *\nFROM `...', Array, false)
#4 /Users/ahmed/Sites/ci.lo/system/Model.php(210): CodeIgniter\Database\BaseBuilder->get()
#5 /Users/ahmed/Sites/ci.lo/system/BaseModel.php(622): CodeIgniter\Model->doFirst()
#6 /Users/ahmed/Sites/ci.lo/app/Controllers/Api/V1/Auth/Signup.php(27): CodeIgniter\BaseModel->first()
#7 /Users/ahmed/Sites/ci.lo/system/CodeIgniter.php(832): App\Controllers\Api\V1\Auth\SignUp->index()
#8 /Users/ahmed/Sites/ci.lo/system/CodeIgniter.php(419): CodeIgniter\CodeIgniter->runController(Object(App\Controllers\Api\V1\Auth\SignUp))
#9 /Users/ahmed/Sites/ci.lo/system/CodeIgniter.php(326): CodeIgniter\CodeIgniter->handleRequest(NULL, Object(Config\Cache), false)
#10 /Users/ahmed/Sites/ci.lo/public/index.php(37): CodeIgniter\CodeIgniter->run()
#11 {main}
ERROR - 2022-05-29 03:50:26 --> Unknown column 'users.deleted_at' in 'where clause'
CRITICAL - 2022-05-29 03:50:26 --> Unknown column 'users.deleted_at' in 'where clause'
#0 /Users/ahmed/Sites/ci.lo/system/Database/MySQLi/Connection.php(292): mysqli->query('SELECT *\nFROM `...', 0)
#1 /Users/ahmed/Sites/ci.lo/system/Database/BaseConnection.php(670): CodeIgniter\Database\MySQLi\Connection->execute('SELECT *\nFROM `...')
#2 /Users/ahmed/Sites/ci.lo/system/Database/BaseConnection.php(598): CodeIgniter\Database\BaseConnection->simpleQuery('SELECT *\nFROM `...')
#3 /Users/ahmed/Sites/ci.lo/system/Database/BaseBuilder.php(1455): CodeIgniter\Database\BaseConnection->query('SELECT *\nFROM `...', Array, false)
#4 /Users/ahmed/Sites/ci.lo/system/Model.php(210): CodeIgniter\Database\BaseBuilder->get()
#5 /Users/ahmed/Sites/ci.lo/system/BaseModel.php(622): CodeIgniter\Model->doFirst()
#6 /Users/ahmed/Sites/ci.lo/app/Controllers/Api/V1/Auth/Signup.php(27): CodeIgniter\BaseModel->first()
#7 /Users/ahmed/Sites/ci.lo/system/CodeIgniter.php(832): App\Controllers\Api\V1\Auth\SignUp->index()
#8 /Users/ahmed/Sites/ci.lo/system/CodeIgniter.php(419): CodeIgniter\CodeIgniter->runController(Object(App\Controllers\Api\V1\Auth\SignUp))
#9 /Users/ahmed/Sites/ci.lo/system/CodeIgniter.php(326): CodeIgniter\CodeIgniter->handleRequest(NULL, Object(Config\Cache), false)
#10 /Users/ahmed/Sites/ci.lo/public/index.php(37): CodeIgniter\CodeIgniter->run()
#11 {main}
ERROR - 2022-05-29 03:51:34 --> Unknown column 'name' in 'field list'
CRITICAL - 2022-05-29 03:51:34 --> Unknown column 'name' in 'field list'
#0 /Users/ahmed/Sites/ci.lo/system/Database/MySQLi/Connection.php(292): mysqli->query('INSERT INTO `us...', 0)
#1 /Users/ahmed/Sites/ci.lo/system/Database/BaseConnection.php(670): CodeIgniter\Database\MySQLi\Connection->execute('INSERT INTO `us...')
#2 /Users/ahmed/Sites/ci.lo/system/Database/BaseConnection.php(598): CodeIgniter\Database\BaseConnection->simpleQuery('INSERT INTO `us...')
#3 /Users/ahmed/Sites/ci.lo/system/Database/BaseBuilder.php(1771): CodeIgniter\Database\BaseConnection->query('INSERT INTO `us...', Array, false)
#4 /Users/ahmed/Sites/ci.lo/system/Model.php(239): CodeIgniter\Database\BaseBuilder->insert()
#5 /Users/ahmed/Sites/ci.lo/system/BaseModel.php(738): CodeIgniter\Model->doInsert(Array)
#6 /Users/ahmed/Sites/ci.lo/system/Model.php(625): CodeIgniter\BaseModel->insert(Array, true)
#7 /Users/ahmed/Sites/ci.lo/app/Controllers/Api/V1/Auth/Signup.php(38): CodeIgniter\Model->insert(Array)
#8 /Users/ahmed/Sites/ci.lo/system/CodeIgniter.php(832): App\Controllers\Api\V1\Auth\SignUp->index()
#9 /Users/ahmed/Sites/ci.lo/system/CodeIgniter.php(419): CodeIgniter\CodeIgniter->runController(Object(App\Controllers\Api\V1\Auth\SignUp))
#10 /Users/ahmed/Sites/ci.lo/system/CodeIgniter.php(326): CodeIgniter\CodeIgniter->handleRequest(NULL, Object(Config\Cache), false)
#11 /Users/ahmed/Sites/ci.lo/public/index.php(37): CodeIgniter\CodeIgniter->run()
#12 {main}
CRITICAL - 2022-05-29 08:02:28 --> Undefined property: CodeIgniter\HTTP\IncomingRequest::$payload
#0 /Users/ahmed/Sites/ci.lo/app/Controllers/Api/v1/Me/Index.php(12): CodeIgniter\Debug\Exceptions->errorHandler(8, 'Undefined prope...', '/Users/ahmed/Si...', 12, Array)
#1 /Users/ahmed/Sites/ci.lo/system/CodeIgniter.php(832): App\Controllers\Api\v1\Me\Index->index()
#2 /Users/ahmed/Sites/ci.lo/system/CodeIgniter.php(419): CodeIgniter\CodeIgniter->runController(Object(App\Controllers\Api\v1\Me\Index))
#3 /Users/ahmed/Sites/ci.lo/system/CodeIgniter.php(326): CodeIgniter\CodeIgniter->handleRequest(NULL, Object(Config\Cache), false)
#4 /Users/ahmed/Sites/ci.lo/public/index.php(37): CodeIgniter\CodeIgniter->run()
#5 {main}
CRITICAL - 2022-05-29 08:02:38 --> Undefined property: CodeIgniter\HTTP\IncomingRequest::$payload
#0 /Users/ahmed/Sites/ci.lo/app/Controllers/Api/v1/Me/Index.php(12): CodeIgniter\Debug\Exceptions->errorHandler(8, 'Undefined prope...', '/Users/ahmed/Si...', 12, Array)
#1 /Users/ahmed/Sites/ci.lo/system/CodeIgniter.php(832): App\Controllers\Api\v1\Me\Index->index()
#2 /Users/ahmed/Sites/ci.lo/system/CodeIgniter.php(419): CodeIgniter\CodeIgniter->runController(Object(App\Controllers\Api\v1\Me\Index))
#3 /Users/ahmed/Sites/ci.lo/system/CodeIgniter.php(326): CodeIgniter\CodeIgniter->handleRequest(NULL, Object(Config\Cache), false)
#4 /Users/ahmed/Sites/ci.lo/public/index.php(37): CodeIgniter\CodeIgniter->run()
#5 {main}
CRITICAL - 2022-05-29 08:02:57 --> Undefined property: CodeIgniter\HTTP\IncomingRequest::$payload
#0 /Users/ahmed/Sites/ci.lo/app/Controllers/Api/v1/Me/Index.php(12): CodeIgniter\Debug\Exceptions->errorHandler(8, 'Undefined prope...', '/Users/ahmed/Si...', 12, Array)
#1 /Users/ahmed/Sites/ci.lo/system/CodeIgniter.php(832): App\Controllers\Api\v1\Me\Index->index()
#2 /Users/ahmed/Sites/ci.lo/system/CodeIgniter.php(419): CodeIgniter\CodeIgniter->runController(Object(App\Controllers\Api\v1\Me\Index))
#3 /Users/ahmed/Sites/ci.lo/system/CodeIgniter.php(326): CodeIgniter\CodeIgniter->handleRequest(NULL, Object(Config\Cache), false)
#4 /Users/ahmed/Sites/ci.lo/public/index.php(37): CodeIgniter\CodeIgniter->run()
#5 {main}
